#
# There is insufficient memory for the Java Runtime Environment to continue.
# Native memory allocation (malloc) failed to allocate 646816 bytes for Chunk::new
# Possible reasons:
#   The system is out of physical RAM or swap space
#   The process is running with CompressedOops enabled, and the Java Heap may be blocking the growth of the native heap
# Possible solutions:
#   Reduce memory load on the system
#   Increase physical memory or swap space
#   Check if swap backing store is full
#   Decrease Java heap size (-Xmx/-Xms)
#   Decrease number of Java threads
#   Decrease Java thread stack sizes (-Xss)
#   Set larger code cache with -XX:ReservedCodeCacheSize=
#   JVM is running with Unscaled Compressed Oops mode in which the Java heap is
#     placed in the first 4GB address space. The Java Heap base address is the
#     maximum limit for the native heap growth. Please use -XX:HeapBaseMinAddress
#     to set the Java Heap base and to place the Java Heap above 4GB virtual address.
# This output file may be truncated or incomplete.
#
#  Out of Memory Error (arena.cpp:189), pid=24940, tid=9272
#
# JRE version: OpenJDK Runtime Environment Temurin-17.0.6+10 (17.0.6+10) (build 17.0.6+10)
# Java VM: OpenJDK 64-Bit Server VM Temurin-17.0.6+10 (17.0.6+10, mixed mode, tiered, compressed oops, compressed class ptrs, parallel gc, windows-amd64)
# No core dump will be written. Minidumps are not enabled by default on client versions of Windows
#

---------------  S U M M A R Y ------------

Command Line: --add-modules=ALL-SYSTEM --add-opens=java.base/java.util=ALL-UNNAMED --add-opens=java.base/java.lang=ALL-UNNAMED --add-opens=java.base/sun.nio.fs=ALL-UNNAMED -Declipse.application=org.eclipse.jdt.ls.core.id1 -Dosgi.bundles.defaultStartLevel=4 -Declipse.product=org.eclipse.jdt.ls.core.product -Djava.import.generatesMetadataFilesAtProjectRoot=false -Dfile.encoding=utf8 -XX:+UseParallelGC -XX:GCTimeRatio=4 -XX:AdaptiveSizePolicyWeight=90 -Dsun.zip.disableMemoryMapping=true -Xmx1G -Xms100m -Xlog:disable -javaagent:c:\Users\Phong\.vscode\extensions\redhat.java-1.15.0-win32-x64\lombok\lombok-1.18.24.jar -XX:+HeapDumpOnOutOfMemoryError -XX:HeapDumpPath=c:\Users\Phong\AppData\Roaming\Code\User\workspaceStorage\747d9654bb4adf2d9089437c9c3c1102\redhat.java c:\Users\Phong\.vscode\extensions\redhat.java-1.15.0-win32-x64\server\plugins\org.eclipse.equinox.launcher_1.6.400.v20210924-0641.jar -configuration c:\Users\Phong\AppData\Roaming\Code\User\globalStorage\redhat.java\1.15.0\config_win -data c:\Users\Phong\AppData\Roaming\Code\User\workspaceStorage\747d9654bb4adf2d9089437c9c3c1102\redhat.java\jdt_ws

Host: 11th Gen Intel(R) Core(TM) i5-1135G7 @ 2.40GHz, 8 cores, 3G,  Windows 11 , 64 bit Build 22621 (10.0.22621.1194)
Time: Tue Feb 21 01:44:22 2023 SE Asia Standard Time elapsed time: 58.323218 seconds (0d 0h 0m 58s)

---------------  T H R E A D  ---------------

Current thread (0x000002416a759bc0):  JavaThread "C2 CompilerThread0" daemon [_thread_in_native, id=9272, stack(0x0000004c4f200000,0x0000004c4f300000)]


Current CompileTask:
C2:  58324 9074   !   4       java.nio.file.FileTreeWalker::visit (204 bytes)

Stack: [0x0000004c4f200000,0x0000004c4f300000]
Native frames: (J=compiled Java code, j=interpreted, Vv=VM code, C=native code)
V  [jvm.dll+0x67741a]
V  [jvm.dll+0x834434]
V  [jvm.dll+0x835bde]
V  [jvm.dll+0x836243]
V  [jvm.dll+0x2457b5]
V  [jvm.dll+0xabafc]
V  [jvm.dll+0xac0cc]
V  [jvm.dll+0x3634e7]
V  [jvm.dll+0x32dda1]
V  [jvm.dll+0x32d24a]
V  [jvm.dll+0x2185f1]
V  [jvm.dll+0x217a11]
V  [jvm.dll+0x1a3d0d]
V  [jvm.dll+0x22742a]
V  [jvm.dll+0x225565]
V  [jvm.dll+0x7ea2cb]
V  [jvm.dll+0x7e483a]
V  [jvm.dll+0x6762c5]
C  [ucrtbase.dll+0x29363]
C  [KERNEL32.DLL+0x126bd]
C  [ntdll.dll+0x5dfb8]


---------------  P R O C E S S  ---------------

Threads class SMR info:
_java_thread_list=0x000002416de5eaa0, length=29, elements={
0x0000024154e45120, 0x0000024154ef33b0, 0x0000024154ef4890, 0x0000024154efdfa0,
0x0000024154efe960, 0x000002416a739dc0, 0x000002416a755810, 0x000002416a759bc0,
0x000002416a75ac60, 0x000002416a75b560, 0x0000024154ea9cd0, 0x000002416aa6bf00,
0x000002416bb37300, 0x000002416bb48610, 0x000002416bb48ae0, 0x000002416bb455f0,
0x000002416bb48fb0, 0x000002416bb45f90, 0x000002416bb46460, 0x000002416bb46930,
0x000002416bb46e00, 0x000002416bb45ac0, 0x000002416bb47c70, 0x000002416cc06360,
0x000002416cc04680, 0x000002416cc059c0, 0x000002416cc03340, 0x000002416cc09380,
0x000002416cc089e0
}

Java Threads: ( => current thread )
  0x0000024154e45120 JavaThread "main" [_thread_blocked, id=26924, stack(0x0000004c4e900000,0x0000004c4ea00000)]
  0x0000024154ef33b0 JavaThread "Reference Handler" daemon [_thread_blocked, id=21864, stack(0x0000004c4ec00000,0x0000004c4ed00000)]
  0x0000024154ef4890 JavaThread "Finalizer" daemon [_thread_blocked, id=20084, stack(0x0000004c4ed00000,0x0000004c4ee00000)]
  0x0000024154efdfa0 JavaThread "Signal Dispatcher" daemon [_thread_blocked, id=16020, stack(0x0000004c4ee00000,0x0000004c4ef00000)]
  0x0000024154efe960 JavaThread "Attach Listener" daemon [_thread_blocked, id=1508, stack(0x0000004c4ef00000,0x0000004c4f000000)]
  0x000002416a739dc0 JavaThread "Service Thread" daemon [_thread_blocked, id=25440, stack(0x0000004c4f000000,0x0000004c4f100000)]
  0x000002416a755810 JavaThread "Monitor Deflation Thread" daemon [_thread_blocked, id=15776, stack(0x0000004c4f100000,0x0000004c4f200000)]
=>0x000002416a759bc0 JavaThread "C2 CompilerThread0" daemon [_thread_in_native, id=9272, stack(0x0000004c4f200000,0x0000004c4f300000)]
  0x000002416a75ac60 JavaThread "C1 CompilerThread0" daemon [_thread_blocked, id=26912, stack(0x0000004c4f300000,0x0000004c4f400000)]
  0x000002416a75b560 JavaThread "Sweeper thread" daemon [_thread_blocked, id=26052, stack(0x0000004c4f400000,0x0000004c4f500000)]
  0x0000024154ea9cd0 JavaThread "Common-Cleaner" daemon [_thread_blocked, id=312, stack(0x0000004c4f500000,0x0000004c4f600000)]
  0x000002416aa6bf00 JavaThread "Notification Thread" daemon [_thread_blocked, id=26544, stack(0x0000004c4f600000,0x0000004c4f700000)]
  0x000002416bb37300 JavaThread "Active Thread: Equinox Container: dd62a9ab-9b33-4722-8593-58d60435891a" [_thread_blocked, id=2256, stack(0x0000004c50400000,0x0000004c50500000)]
  0x000002416bb48610 JavaThread "Framework Event Dispatcher: Equinox Container: dd62a9ab-9b33-4722-8593-58d60435891a" daemon [_thread_blocked, id=19696, stack(0x0000004c50500000,0x0000004c50600000)]
  0x000002416bb48ae0 JavaThread "Start Level: Equinox Container: dd62a9ab-9b33-4722-8593-58d60435891a" daemon [_thread_blocked, id=24184, stack(0x0000004c50600000,0x0000004c50700000)]
  0x000002416bb455f0 JavaThread "Refresh Thread: Equinox Container: dd62a9ab-9b33-4722-8593-58d60435891a" daemon [_thread_blocked, id=8352, stack(0x0000004c50800000,0x0000004c50900000)]
  0x000002416bb48fb0 JavaThread "SCR Component Actor" daemon [_thread_blocked, id=15796, stack(0x0000004c50b00000,0x0000004c50c00000)]
  0x000002416bb45f90 JavaThread "Worker-JM" [_thread_blocked, id=8252, stack(0x0000004c50d00000,0x0000004c50e00000)]
  0x000002416bb46460 JavaThread "Worker-0" [_thread_blocked, id=24668, stack(0x0000004c50e00000,0x0000004c50f00000)]
  0x000002416bb46930 JavaThread "Worker-1" [_thread_blocked, id=13068, stack(0x0000004c50f00000,0x0000004c51000000)]
  0x000002416bb46e00 JavaThread "Bundle File Closer" daemon [_thread_blocked, id=21876, stack(0x0000004c51000000,0x0000004c51100000)]
  0x000002416bb45ac0 JavaThread "Worker-2: Java indexing... " [_thread_blocked, id=12064, stack(0x0000004c4fe00000,0x0000004c4ff00000)]
  0x000002416bb47c70 JavaThread "Worker-3: Updating workspace" [_thread_in_Java, id=2496, stack(0x0000004c4ff00000,0x0000004c50000000)]
  0x000002416cc06360 JavaThread "Java indexing" daemon [_thread_in_native, id=16300, stack(0x0000004c50000000,0x0000004c50100000)]
  0x000002416cc04680 JavaThread "JNA Cleaner" daemon [_thread_blocked, id=12952, stack(0x0000004c50100000,0x0000004c50200000)]
  0x000002416cc059c0 JavaThread "pool-2-thread-1" [_thread_blocked, id=21700, stack(0x0000004c50200000,0x0000004c50300000)]
  0x000002416cc03340 JavaThread "pool-1-thread-1" [_thread_blocked, id=16524, stack(0x0000004c50300000,0x0000004c50400000)]
  0x000002416cc09380 JavaThread "Worker-4: Initialize Workspace" [_thread_blocked, id=9100, stack(0x0000004c50900000,0x0000004c50a00000)]
  0x000002416cc089e0 JavaThread "Worker-5" [_thread_blocked, id=2372, stack(0x0000004c51800000,0x0000004c51900000)]

Other Threads:
  0x0000024154ecc050 VMThread "VM Thread" [stack: 0x0000004c4eb00000,0x0000004c4ec00000] [id=24636]
  0x000002416aa69680 WatcherThread [stack: 0x0000004c4f700000,0x0000004c4f800000] [id=24376]
  0x0000024154e5a5c0 GCTaskThread "GC Thread#0" [stack: 0x0000004c4ea00000,0x0000004c4eb00000] [id=19276]
  0x000002416bc894f0 GCTaskThread "GC Thread#1" [stack: 0x0000004c4f800000,0x0000004c4f900000] [id=10868]
  0x000002416b7a7ff0 GCTaskThread "GC Thread#2" [stack: 0x0000004c4f900000,0x0000004c4fa00000] [id=14296]
  0x000002416bc897a0 GCTaskThread "GC Thread#3" [stack: 0x0000004c4fa00000,0x0000004c4fb00000] [id=21924]
  0x000002416bc89a50 GCTaskThread "GC Thread#4" [stack: 0x0000004c4fb00000,0x0000004c4fc00000] [id=4404]
  0x000002416bd1c5d0 GCTaskThread "GC Thread#5" [stack: 0x0000004c4fc00000,0x0000004c4fd00000] [id=21568]
  0x000002416bd1c880 GCTaskThread "GC Thread#6" [stack: 0x0000004c4fd00000,0x0000004c4fe00000] [id=25992]
  0x000002416b763250 GCTaskThread "GC Thread#7" [stack: 0x0000004c50700000,0x0000004c50800000] [id=18044]

Threads with active compile tasks:
C2 CompilerThread0    58451 9074   !   4       java.nio.file.FileTreeWalker::visit (204 bytes)

VM state: not at safepoint (normal execution)

VM Mutex/Monitor currently owned by a thread: None

Heap address: 0x00000000c0000000, size: 1024 MB, Compressed Oops mode: 32-bit

CDS archive(s) not mapped
Compressed class space mapped at: 0x0000000100000000-0x0000000140000000, reserved size: 1073741824
Narrow klass base: 0x0000000000000000, Narrow klass shift: 3, Narrow klass range: 0x140000000

GC Precious Log:
 CPUs: 8 total, 8 available
 Memory: 3921M
 Large Page Support: Disabled
 NUMA Support: Disabled
 Compressed Oops: Enabled (32-bit)
 Alignments: Space 512K, Generation 512K, Heap 2M
 Heap Min Capacity: 100M
 Heap Initial Capacity: 100M
 Heap Max Capacity: 1G
 Pre-touch: Disabled
 Parallel Workers: 8

Heap:
 PSYoungGen      total 10752K, used 6936K [0x00000000eab00000, 0x00000000eb900000, 0x0000000100000000)
  eden space 6656K, 59% used [0x00000000eab00000,0x00000000eaee3ee0,0x00000000eb180000)
  from space 4096K, 72% used [0x00000000eb500000,0x00000000eb7e2440,0x00000000eb900000)
  to   space 3584K, 0% used [0x00000000eb180000,0x00000000eb180000,0x00000000eb500000)
 ParOldGen       total 283648K, used 254016K [0x00000000c0000000, 0x00000000d1500000, 0x00000000eab00000)
  object space 283648K, 89% used [0x00000000c0000000,0x00000000cf810128,0x00000000d1500000)
 Metaspace       used 58635K, committed 59712K, reserved 1105920K
  class space    used 6318K, committed 6784K, reserved 1048576K

Card table byte_map: [0x00000241547e0000,0x00000241549f0000] _byte_map_base: 0x00000241541e0000

Marking Bits: (ParMarkBitMap*) 0x00007ffad4793e70
 Begin Bits: [0x0000024166ac0000, 0x0000024167ac0000)
 End Bits:   [0x0000024167ac0000, 0x0000024168ac0000)

Polling page: 0x0000024152d90000

Metaspace:

Usage:
  Non-class:     51.09 MB used.
      Class:      6.17 MB used.
       Both:     57.26 MB used.

Virtual space:
  Non-class space:       56.00 MB reserved,      51.69 MB ( 92%) committed,  7 nodes.
      Class space:        1.00 GB reserved,       6.62 MB ( <1%) committed,  1 nodes.
             Both:        1.05 GB reserved,      58.31 MB (  5%) committed. 

Chunk freelists:
   Non-Class:  48.00 KB
       Class:  1.33 MB
        Both:  1.38 MB

MaxMetaspaceSize: unlimited
CompressedClassSpaceSize: 1.00 GB
Initial GC threshold: 21.00 MB
Current GC threshold: 97.12 MB
CDS: off
MetaspaceReclaimPolicy: balanced
 - commit_granule_bytes: 65536.
 - commit_granule_words: 8192.
 - virtual_space_node_default_size: 1048576.
 - enlarge_chunks_in_place: 1.
 - new_chunks_are_fully_committed: 0.
 - uncommit_free_chunks: 1.
 - use_allocation_guard: 0.
 - handle_deallocations: 1.


Internal statistics:

num_allocs_failed_limit: 6.
num_arena_births: 602.
num_arena_deaths: 14.
num_vsnodes_births: 8.
num_vsnodes_deaths: 0.
num_space_committed: 933.
num_space_uncommitted: 0.
num_chunks_returned_to_freelist: 20.
num_chunks_taken_from_freelist: 2792.
num_chunk_merges: 10.
num_chunk_splits: 1726.
num_chunks_enlarged: 955.
num_purges: 2.
num_inconsistent_stats: 0.

CodeHeap 'non-profiled nmethods': size=120000Kb used=4999Kb max_used=4999Kb free=115000Kb
 bounds [0x000002415f590000, 0x000002415fa80000, 0x0000024166ac0000]
CodeHeap 'profiled nmethods': size=120000Kb used=14335Kb max_used=14582Kb free=105664Kb
 bounds [0x0000024157ac0000, 0x0000024158900000, 0x000002415eff0000]
CodeHeap 'non-nmethods': size=5760Kb used=1351Kb max_used=1419Kb free=4408Kb
 bounds [0x000002415eff0000, 0x000002415f260000, 0x000002415f590000]
 total_blobs=8184 nmethods=7509 adapters=589
 compilation: enabled
              stopped_count=0, restarted_count=0
 full_count=0

Compilation events (20 events):
Event: 58.260 Thread 0x000002416a75ac60 9228       2       org.eclipse.jdt.internal.core.JavaProject::getEclipsePreferences (178 bytes)
Event: 58.267 Thread 0x000002416a75ac60 nmethod 9228 0x000002415868fb10 code [0x000002415868fdc0, 0x0000024158690818]
Event: 58.267 Thread 0x000002416a75ac60 9230  s    2       org.eclipse.jdt.internal.core.JavaModelManager$PerProjectInfo::getResolvedClasspath (17 bytes)
Event: 58.268 Thread 0x000002416a75ac60 nmethod 9230 0x000002415868f690 code [0x000002415868f840, 0x000002415868fa78]
Event: 58.268 Thread 0x000002416a75ac60 9229       2       java.nio.HeapByteBuffer::get (64 bytes)
Event: 58.270 Thread 0x000002416a75ac60 nmethod 9229 0x000002415868ee90 code [0x000002415868f080, 0x000002415868f438]
Event: 58.270 Thread 0x000002416a75ac60 9233   !   3       org.eclipse.core.internal.resources.ProjectPreferences::silentLoad (65 bytes)
Event: 58.271 Thread 0x000002416a75ac60 nmethod 9233 0x000002415868e190 code [0x000002415868e3a0, 0x000002415868ec78]
Event: 58.271 Thread 0x000002416a75ac60 9234   !   2       org.eclipse.jdt.internal.core.JavaProject::getOption (42 bytes)
Event: 58.272 Thread 0x000002416a75ac60 nmethod 9234 0x000002415868db90 code [0x000002415868dd60, 0x000002415868df78]
Event: 58.272 Thread 0x000002416a75ac60 9231       2       jdk.internal.jimage.ImageReader$SharedImageReader::handleModulesSubTree (56 bytes)
Event: 58.273 Thread 0x000002416a75ac60 nmethod 9231 0x000002415868d610 code [0x000002415868d7c0, 0x000002415868d9a8]
Event: 58.273 Thread 0x000002416a75ac60 9235       2       org.eclipse.jdt.internal.core.JavaProject::getResolvedClasspath (49 bytes)
Event: 58.276 Thread 0x000002416a75ac60 nmethod 9235 0x000002415868cb90 code [0x000002415868cd80, 0x000002415868d2e8]
Event: 58.276 Thread 0x000002416a75ac60 9237       2       org.eclipse.jdt.internal.core.JavaModelManager::isDeprecatedOption (24 bytes)
Event: 58.276 Thread 0x000002416a75ac60 nmethod 9237 0x000002415868c790 code [0x000002415868c940, 0x000002415868cad8]
Event: 58.276 Thread 0x000002416a75ac60 9238       2       org.eclipse.jdt.internal.core.JavaElement::hashCode (30 bytes)
Event: 58.277 Thread 0x000002416a75ac60 nmethod 9238 0x000002415868c290 code [0x000002415868c460, 0x000002415868c658]
Event: 58.287 Thread 0x000002416a75ac60 9240       2       org.eclipse.jdt.internal.core.JavaProject::getClasspathEntryFor (85 bytes)
Event: 58.289 Thread 0x000002416a75ac60 nmethod 9240 0x000002415868b990 code [0x000002415868bba0, 0x000002415868bf68]

GC Heap History (20 events):
Event: 55.590 GC heap before
{Heap before GC invocations=228 (full 10):
 PSYoungGen      total 8704K, used 8659K [0x00000000eab00000, 0x00000000eb600000, 0x0000000100000000)
  eden space 7168K, 100% used [0x00000000eab00000,0x00000000eb200000,0x00000000eb200000)
  from space 1536K, 97% used [0x00000000eb300000,0x00000000eb474d18,0x00000000eb480000)
  to   space 1536K, 0% used [0x00000000eb480000,0x00000000eb480000,0x00000000eb600000)
 ParOldGen       total 249856K, used 242581K [0x00000000c0000000, 0x00000000cf400000, 0x00000000eab00000)
  object space 249856K, 97% used [0x00000000c0000000,0x00000000cece5520,0x00000000cf400000)
 Metaspace       used 58614K, committed 59648K, reserved 1105920K
  class space    used 6318K, committed 6784K, reserved 1048576K
}
Event: 55.604 GC heap after
{Heap after GC invocations=228 (full 10):
 PSYoungGen      total 8192K, used 1534K [0x00000000eab00000, 0x00000000eb800000, 0x0000000100000000)
  eden space 6656K, 0% used [0x00000000eab00000,0x00000000eab00000,0x00000000eb180000)
  from space 1536K, 99% used [0x00000000eb480000,0x00000000eb5ffa08,0x00000000eb600000)
  to   space 3072K, 0% used [0x00000000eb180000,0x00000000eb180000,0x00000000eb480000)
 ParOldGen       total 249856K, used 243581K [0x00000000c0000000, 0x00000000cf400000, 0x00000000eab00000)
  object space 249856K, 97% used [0x00000000c0000000,0x00000000ceddf658,0x00000000cf400000)
 Metaspace       used 58614K, committed 59648K, reserved 1105920K
  class space    used 6318K, committed 6784K, reserved 1048576K
}
Event: 55.728 GC heap before
{Heap before GC invocations=229 (full 10):
 PSYoungGen      total 8192K, used 8190K [0x00000000eab00000, 0x00000000eb800000, 0x0000000100000000)
  eden space 6656K, 100% used [0x00000000eab00000,0x00000000eb180000,0x00000000eb180000)
  from space 1536K, 99% used [0x00000000eb480000,0x00000000eb5ffa08,0x00000000eb600000)
  to   space 3072K, 0% used [0x00000000eb180000,0x00000000eb180000,0x00000000eb480000)
 ParOldGen       total 249856K, used 243581K [0x00000000c0000000, 0x00000000cf400000, 0x00000000eab00000)
  object space 249856K, 97% used [0x00000000c0000000,0x00000000ceddf658,0x00000000cf400000)
 Metaspace       used 58614K, committed 59648K, reserved 1105920K
  class space    used 6318K, committed 6784K, reserved 1048576K
}
Event: 55.734 GC heap after
{Heap after GC invocations=229 (full 10):
 PSYoungGen      total 8192K, used 1075K [0x00000000eab00000, 0x00000000eb580000, 0x0000000100000000)
  eden space 6656K, 0% used [0x00000000eab00000,0x00000000eab00000,0x00000000eb180000)
  from space 1536K, 70% used [0x00000000eb180000,0x00000000eb28cd18,0x00000000eb300000)
  to   space 2048K, 0% used [0x00000000eb380000,0x00000000eb380000,0x00000000eb580000)
 ParOldGen       total 249856K, used 244970K [0x00000000c0000000, 0x00000000cf400000, 0x00000000eab00000)
  object space 249856K, 98% used [0x00000000c0000000,0x00000000cef3a970,0x00000000cf400000)
 Metaspace       used 58614K, committed 59648K, reserved 1105920K
  class space    used 6318K, committed 6784K, reserved 1048576K
}
Event: 55.824 GC heap before
{Heap before GC invocations=230 (full 10):
 PSYoungGen      total 8192K, used 7731K [0x00000000eab00000, 0x00000000eb580000, 0x0000000100000000)
  eden space 6656K, 100% used [0x00000000eab00000,0x00000000eb180000,0x00000000eb180000)
  from space 1536K, 70% used [0x00000000eb180000,0x00000000eb28cd18,0x00000000eb300000)
  to   space 2048K, 0% used [0x00000000eb380000,0x00000000eb380000,0x00000000eb580000)
 ParOldGen       total 249856K, used 244970K [0x00000000c0000000, 0x00000000cf400000, 0x00000000eab00000)
  object space 249856K, 98% used [0x00000000c0000000,0x00000000cef3a970,0x00000000cf400000)
 Metaspace       used 58614K, committed 59648K, reserved 1105920K
  class space    used 6318K, committed 6784K, reserved 1048576K
}
Event: 55.828 GC heap after
{Heap after GC invocations=230 (full 10):
 PSYoungGen      total 8192K, used 2038K [0x00000000eab00000, 0x00000000eb680000, 0x0000000100000000)
  eden space 6144K, 0% used [0x00000000eab00000,0x00000000eab00000,0x00000000eb100000)
  from space 2048K, 99% used [0x00000000eb380000,0x00000000eb57d910,0x00000000eb580000)
  to   space 2560K, 0% used [0x00000000eb100000,0x00000000eb100000,0x00000000eb380000)
 ParOldGen       total 249856K, used 245177K [0x00000000c0000000, 0x00000000cf400000, 0x00000000eab00000)
  object space 249856K, 98% used [0x00000000c0000000,0x00000000cef6e520,0x00000000cf400000)
 Metaspace       used 58614K, committed 59648K, reserved 1105920K
  class space    used 6318K, committed 6784K, reserved 1048576K
}
Event: 55.882 GC heap before
{Heap before GC invocations=231 (full 10):
 PSYoungGen      total 8192K, used 8182K [0x00000000eab00000, 0x00000000eb680000, 0x0000000100000000)
  eden space 6144K, 100% used [0x00000000eab00000,0x00000000eb100000,0x00000000eb100000)
  from space 2048K, 99% used [0x00000000eb380000,0x00000000eb57d910,0x00000000eb580000)
  to   space 2560K, 0% used [0x00000000eb100000,0x00000000eb100000,0x00000000eb380000)
 ParOldGen       total 249856K, used 245177K [0x00000000c0000000, 0x00000000cf400000, 0x00000000eab00000)
  object space 249856K, 98% used [0x00000000c0000000,0x00000000cef6e520,0x00000000cf400000)
 Metaspace       used 58614K, committed 59648K, reserved 1105920K
  class space    used 6318K, committed 6784K, reserved 1048576K
}
Event: 55.887 GC heap after
{Heap after GC invocations=231 (full 10):
 PSYoungGen      total 7680K, used 1188K [0x00000000eab00000, 0x00000000eb500000, 0x0000000100000000)
  eden space 6144K, 0% used [0x00000000eab00000,0x00000000eab00000,0x00000000eb100000)
  from space 1536K, 77% used [0x00000000eb100000,0x00000000eb229160,0x00000000eb280000)
  to   space 2048K, 0% used [0x00000000eb300000,0x00000000eb300000,0x00000000eb500000)
 ParOldGen       total 249856K, used 247236K [0x00000000c0000000, 0x00000000cf400000, 0x00000000eab00000)
  object space 249856K, 98% used [0x00000000c0000000,0x00000000cf1711e8,0x00000000cf400000)
 Metaspace       used 58614K, committed 59648K, reserved 1105920K
  class space    used 6318K, committed 6784K, reserved 1048576K
}
Event: 55.927 GC heap before
{Heap before GC invocations=232 (full 10):
 PSYoungGen      total 7680K, used 7332K [0x00000000eab00000, 0x00000000eb500000, 0x0000000100000000)
  eden space 6144K, 100% used [0x00000000eab00000,0x00000000eb100000,0x00000000eb100000)
  from space 1536K, 77% used [0x00000000eb100000,0x00000000eb229160,0x00000000eb280000)
  to   space 2048K, 0% used [0x00000000eb300000,0x00000000eb300000,0x00000000eb500000)
 ParOldGen       total 249856K, used 247236K [0x00000000c0000000, 0x00000000cf400000, 0x00000000eab00000)
  object space 249856K, 98% used [0x00000000c0000000,0x00000000cf1711e8,0x00000000cf400000)
 Metaspace       used 58614K, committed 59648K, reserved 1105920K
  class space    used 6318K, committed 6784K, reserved 1048576K
}
Event: 55.932 GC heap after
{Heap after GC invocations=232 (full 10):
 PSYoungGen      total 7168K, used 2036K [0x00000000eab00000, 0x00000000eb700000, 0x0000000100000000)
  eden space 5120K, 0% used [0x00000000eab00000,0x00000000eab00000,0x00000000eb000000)
  from space 2048K, 99% used [0x00000000eb300000,0x00000000eb4fd058,0x00000000eb500000)
  to   space 3072K, 0% used [0x00000000eb000000,0x00000000eb000000,0x00000000eb300000)
 ParOldGen       total 249856K, used 247665K [0x00000000c0000000, 0x00000000cf400000, 0x00000000eab00000)
  object space 249856K, 99% used [0x00000000c0000000,0x00000000cf1dc720,0x00000000cf400000)
 Metaspace       used 58614K, committed 59648K, reserved 1105920K
  class space    used 6318K, committed 6784K, reserved 1048576K
}
Event: 55.971 GC heap before
{Heap before GC invocations=233 (full 10):
 PSYoungGen      total 7168K, used 7156K [0x00000000eab00000, 0x00000000eb700000, 0x0000000100000000)
  eden space 5120K, 100% used [0x00000000eab00000,0x00000000eb000000,0x00000000eb000000)
  from space 2048K, 99% used [0x00000000eb300000,0x00000000eb4fd058,0x00000000eb500000)
  to   space 3072K, 0% used [0x00000000eb000000,0x00000000eb000000,0x00000000eb300000)
 ParOldGen       total 249856K, used 247665K [0x00000000c0000000, 0x00000000cf400000, 0x00000000eab00000)
  object space 249856K, 99% used [0x00000000c0000000,0x00000000cf1dc720,0x00000000cf400000)
 Metaspace       used 58615K, committed 59648K, reserved 1105920K
  class space    used 6318K, committed 6784K, reserved 1048576K
}
Event: 55.975 GC heap after
{Heap after GC invocations=233 (full 10):
 PSYoungGen      total 6656K, used 1243K [0x00000000eab00000, 0x00000000eb400000, 0x0000000100000000)
  eden space 5120K, 0% used [0x00000000eab00000,0x00000000eab00000,0x00000000eb000000)
  from space 1536K, 80% used [0x00000000eb000000,0x00000000eb136e48,0x00000000eb180000)
  to   space 2048K, 0% used [0x00000000eb200000,0x00000000eb200000,0x00000000eb400000)
 ParOldGen       total 249856K, used 249677K [0x00000000c0000000, 0x00000000cf400000, 0x00000000eab00000)
  object space 249856K, 99% used [0x00000000c0000000,0x00000000cf3d3708,0x00000000cf400000)
 Metaspace       used 58615K, committed 59648K, reserved 1105920K
  class space    used 6318K, committed 6784K, reserved 1048576K
}
Event: 55.976 GC heap before
{Heap before GC invocations=234 (full 11):
 PSYoungGen      total 6656K, used 1243K [0x00000000eab00000, 0x00000000eb400000, 0x0000000100000000)
  eden space 5120K, 0% used [0x00000000eab00000,0x00000000eab00000,0x00000000eb000000)
  from space 1536K, 80% used [0x00000000eb000000,0x00000000eb136e48,0x00000000eb180000)
  to   space 2048K, 0% used [0x00000000eb200000,0x00000000eb200000,0x00000000eb400000)
 ParOldGen       total 249856K, used 249677K [0x00000000c0000000, 0x00000000cf400000, 0x00000000eab00000)
  object space 249856K, 99% used [0x00000000c0000000,0x00000000cf3d3708,0x00000000cf400000)
 Metaspace       used 58615K, committed 59648K, reserved 1105920K
  class space    used 6318K, committed 6784K, reserved 1048576K
}
Event: 56.915 GC heap after
{Heap after GC invocations=234 (full 11):
 PSYoungGen      total 7168K, used 0K [0x00000000eab00000, 0x00000000eb480000, 0x0000000100000000)
  eden space 5120K, 0% used [0x00000000eab00000,0x00000000eab00000,0x00000000eb000000)
  from space 2048K, 0% used [0x00000000eb200000,0x00000000eb200000,0x00000000eb400000)
  to   space 2048K, 0% used [0x00000000eb000000,0x00000000eb000000,0x00000000eb200000)
 ParOldGen       total 249856K, used 249018K [0x00000000c0000000, 0x00000000cf400000, 0x00000000eab00000)
  object space 249856K, 99% used [0x00000000c0000000,0x00000000cf32e990,0x00000000cf400000)
 Metaspace       used 58615K, committed 59648K, reserved 1105920K
  class space    used 6318K, committed 6784K, reserved 1048576K
}
Event: 56.953 GC heap before
{Heap before GC invocations=235 (full 12):
 PSYoungGen      total 7168K, used 5108K [0x00000000eab00000, 0x00000000eb480000, 0x0000000100000000)
  eden space 5120K, 99% used [0x00000000eab00000,0x00000000eaffd0b8,0x00000000eb000000)
  from space 2048K, 0% used [0x00000000eb200000,0x00000000eb200000,0x00000000eb400000)
  to   space 2048K, 0% used [0x00000000eb000000,0x00000000eb000000,0x00000000eb200000)
 ParOldGen       total 249856K, used 249018K [0x00000000c0000000, 0x00000000cf400000, 0x00000000eab00000)
  object space 249856K, 99% used [0x00000000c0000000,0x00000000cf32e990,0x00000000cf400000)
 Metaspace       used 58615K, committed 59648K, reserved 1105920K
  class space    used 6318K, committed 6784K, reserved 1048576K
}
Event: 57.901 GC heap after
{Heap after GC invocations=235 (full 12):
 PSYoungGen      total 7168K, used 150K [0x00000000eab00000, 0x00000000eb480000, 0x0000000100000000)
  eden space 5120K, 2% used [0x00000000eab00000,0x00000000eab25800,0x00000000eb000000)
  from space 2048K, 0% used [0x00000000eb000000,0x00000000eb000000,0x00000000eb200000)
  to   space 2048K, 0% used [0x00000000eb200000,0x00000000eb200000,0x00000000eb400000)
 ParOldGen       total 283648K, used 249808K [0x00000000c0000000, 0x00000000d1500000, 0x00000000eab00000)
  object space 283648K, 88% used [0x00000000c0000000,0x00000000cf3f42e0,0x00000000d1500000)
 Metaspace       used 58615K, committed 59648K, reserved 1105920K
  class space    used 6318K, committed 6784K, reserved 1048576K
}
Event: 57.933 GC heap before
{Heap before GC invocations=236 (full 12):
 PSYoungGen      total 7168K, used 5120K [0x00000000eab00000, 0x00000000eb480000, 0x0000000100000000)
  eden space 5120K, 100% used [0x00000000eab00000,0x00000000eb000000,0x00000000eb000000)
  from space 2048K, 0% used [0x00000000eb000000,0x00000000eb000000,0x00000000eb200000)
  to   space 2048K, 0% used [0x00000000eb200000,0x00000000eb200000,0x00000000eb400000)
 ParOldGen       total 283648K, used 249808K [0x00000000c0000000, 0x00000000d1500000, 0x00000000eab00000)
  object space 283648K, 88% used [0x00000000c0000000,0x00000000cf3f42e0,0x00000000d1500000)
 Metaspace       used 58618K, committed 59648K, reserved 1105920K
  class space    used 6318K, committed 6784K, reserved 1048576K
}
Event: 58.247 GC heap after
{Heap after GC invocations=236 (full 12):
 PSYoungGen      total 7168K, used 1563K [0x00000000eab00000, 0x00000000eb480000, 0x0000000100000000)
  eden space 5120K, 0% used [0x00000000eab00000,0x00000000eab00000,0x00000000eb000000)
  from space 2048K, 76% used [0x00000000eb200000,0x00000000eb386d30,0x00000000eb400000)
  to   space 2048K, 0% used [0x00000000eb000000,0x00000000eb000000,0x00000000eb200000)
 ParOldGen       total 283648K, used 249808K [0x00000000c0000000, 0x00000000d1500000, 0x00000000eab00000)
  object space 283648K, 88% used [0x00000000c0000000,0x00000000cf3f42e0,0x00000000d1500000)
 Metaspace       used 58618K, committed 59648K, reserved 1105920K
  class space    used 6318K, committed 6784K, reserved 1048576K
}
Event: 58.292 GC heap before
{Heap before GC invocations=237 (full 12):
 PSYoungGen      total 7168K, used 6683K [0x00000000eab00000, 0x00000000eb480000, 0x0000000100000000)
  eden space 5120K, 100% used [0x00000000eab00000,0x00000000eb000000,0x00000000eb000000)
  from space 2048K, 76% used [0x00000000eb200000,0x00000000eb386d30,0x00000000eb400000)
  to   space 2048K, 0% used [0x00000000eb000000,0x00000000eb000000,0x00000000eb200000)
 ParOldGen       total 283648K, used 249808K [0x00000000c0000000, 0x00000000d1500000, 0x00000000eab00000)
  object space 283648K, 88% used [0x00000000c0000000,0x00000000cf3f42e0,0x00000000d1500000)
 Metaspace       used 58632K, committed 59712K, reserved 1105920K
  class space    used 6318K, committed 6784K, reserved 1048576K
}
Event: 58.305 GC heap after
{Heap after GC invocations=237 (full 12):
 PSYoungGen      total 7168K, used 2016K [0x00000000eab00000, 0x00000000eb680000, 0x0000000100000000)
  eden space 5120K, 0% used [0x00000000eab00000,0x00000000eab00000,0x00000000eb000000)
  from space 2048K, 98% used [0x00000000eb000000,0x00000000eb1f8290,0x00000000eb200000)
  to   space 3072K, 0% used [0x00000000eb380000,0x00000000eb380000,0x00000000eb680000)
 ParOldGen       total 283648K, used 250291K [0x00000000c0000000, 0x00000000d1500000, 0x00000000eab00000)
  object space 283648K, 88% used [0x00000000c0000000,0x00000000cf46cfe8,0x00000000d1500000)
 Metaspace       used 58632K, committed 59712K, reserved 1105920K
  class space    used 6318K, committed 6784K, reserved 1048576K
}

Dll operation events (13 events):
Event: 1.039 Loaded shared library c:\Users\Phong\.vscode\extensions\redhat.java-1.15.0-win32-x64\jre\17.0.6-win32-x86_64\bin\java.dll
Event: 1.366 Loaded shared library c:\Users\Phong\.vscode\extensions\redhat.java-1.15.0-win32-x64\jre\17.0.6-win32-x86_64\bin\zip.dll
Event: 1.373 Loaded shared library C:\Users\Phong\.vscode\extensions\redhat.java-1.15.0-win32-x64\jre\17.0.6-win32-x86_64\bin\instrument.dll
Event: 1.477 Loaded shared library C:\Users\Phong\.vscode\extensions\redhat.java-1.15.0-win32-x64\jre\17.0.6-win32-x86_64\bin\net.dll
Event: 1.628 Loaded shared library C:\Users\Phong\.vscode\extensions\redhat.java-1.15.0-win32-x64\jre\17.0.6-win32-x86_64\bin\nio.dll
Event: 1.638 Loaded shared library C:\Users\Phong\.vscode\extensions\redhat.java-1.15.0-win32-x64\jre\17.0.6-win32-x86_64\bin\zip.dll
Event: 1.771 Loaded shared library C:\Users\Phong\.vscode\extensions\redhat.java-1.15.0-win32-x64\jre\17.0.6-win32-x86_64\bin\jimage.dll
Event: 2.014 Loaded shared library c:\Users\Phong\.vscode\extensions\redhat.java-1.15.0-win32-x64\jre\17.0.6-win32-x86_64\bin\verify.dll
Event: 13.035 Loaded shared library C:\Users\Phong\AppData\Roaming\Code\User\globalStorage\redhat.java\1.15.0\config_win\org.eclipse.equinox.launcher\org.eclipse.equinox.launcher.win32.win32.x86_64_1.2.700.v20221108-1024\eclipse_11801.dll
Event: 15.976 Loaded shared library C:\Users\Phong\.vscode\extensions\redhat.java-1.15.0-win32-x64\jre\17.0.6-win32-x86_64\bin\management.dll
Event: 16.089 Loaded shared library C:\Users\Phong\.vscode\extensions\redhat.java-1.15.0-win32-x64\jre\17.0.6-win32-x86_64\bin\management_ext.dll
Event: 25.134 Loaded shared library C:\Users\Phong\AppData\Local\Temp\jna-77090128\jna17619469550165146734.dll
Event: 33.368 Loaded shared library C:\Users\Phong\.vscode\extensions\redhat.java-1.15.0-win32-x64\jre\17.0.6-win32-x86_64\bin\sunmscapi.dll

Deoptimization events (20 events):
Event: 55.725 Thread 0x000002416cc09380 Uncommon trap: trap_request=0xffffffde fr.pc=0x000002415f9b93c8 relative=0x0000000000000168
Event: 55.725 Thread 0x000002416cc09380 Uncommon trap: reason=class_check action=maybe_recompile pc=0x000002415f9b93c8 method=org.eclipse.jdt.internal.compiler.util.JrtFileSystem.getFileBytes(Ljava/lang/String;Ljava/lang/String;)[B @ 18 c2
Event: 55.725 Thread 0x000002416cc09380 DEOPT PACKING pc=0x000002415f9b93c8 sp=0x0000004c509fd120
Event: 55.725 Thread 0x000002416cc09380 DEOPT UNPACKING pc=0x000002415f049ea3 sp=0x0000004c509fd0b0 mode 2
Event: 55.725 Thread 0x000002416cc09380 Uncommon trap: trap_request=0xffffffde fr.pc=0x000002415f9c1164 relative=0x0000000000000124
Event: 55.725 Thread 0x000002416cc09380 Uncommon trap: reason=class_check action=maybe_recompile pc=0x000002415f9c1164 method=org.eclipse.jdt.internal.compiler.util.JrtFileSystem$$Lambda$267/0x0000000100535c10.apply(Ljava/lang/Object;)Ljava/lang/Object; @ 1 c2
Event: 55.725 Thread 0x000002416cc09380 DEOPT PACKING pc=0x000002415f9c1164 sp=0x0000004c509fcf60
Event: 55.725 Thread 0x000002416cc09380 DEOPT UNPACKING pc=0x000002415f049ea3 sp=0x0000004c509fcee0 mode 2
Event: 55.856 Thread 0x000002416cc09380 Uncommon trap: trap_request=0xffffff45 fr.pc=0x000002415f9d2098 relative=0x0000000000000258
Event: 55.856 Thread 0x000002416cc09380 Uncommon trap: reason=unstable_if action=reinterpret pc=0x000002415f9d2098 method=org.eclipse.jdt.internal.compiler.parser.Scanner.scanIdentifier()I @ 76 c2
Event: 55.856 Thread 0x000002416cc09380 DEOPT PACKING pc=0x000002415f9d2098 sp=0x0000004c509fcdb0
Event: 55.856 Thread 0x000002416cc09380 DEOPT UNPACKING pc=0x000002415f049ea3 sp=0x0000004c509fcd08 mode 2
Event: 55.856 Thread 0x000002416cc09380 Uncommon trap: trap_request=0xffffff45 fr.pc=0x000002415f8d38d0 relative=0x00000000000001b0
Event: 55.856 Thread 0x000002416cc09380 Uncommon trap: reason=unstable_if action=reinterpret pc=0x000002415f8d38d0 method=org.eclipse.jdt.internal.compiler.parser.Scanner.scanIdentifierOrKeywordWithBoundCheck()I @ 146 c2
Event: 55.856 Thread 0x000002416cc09380 DEOPT PACKING pc=0x000002415f8d38d0 sp=0x0000004c509fccf0
Event: 55.856 Thread 0x000002416cc09380 DEOPT UNPACKING pc=0x000002415f049ea3 sp=0x0000004c509fcc78 mode 2
Event: 55.941 Thread 0x000002416bb47c70 Uncommon trap: trap_request=0xffffffde fr.pc=0x000002415f9c1164 relative=0x0000000000000124
Event: 55.942 Thread 0x000002416bb47c70 Uncommon trap: reason=class_check action=maybe_recompile pc=0x000002415f9c1164 method=org.eclipse.jdt.internal.compiler.util.JrtFileSystem$$Lambda$267/0x0000000100535c10.apply(Ljava/lang/Object;)Ljava/lang/Object; @ 1 c2
Event: 55.942 Thread 0x000002416bb47c70 DEOPT PACKING pc=0x000002415f9c1164 sp=0x0000004c4fffd760
Event: 55.942 Thread 0x000002416bb47c70 DEOPT UNPACKING pc=0x000002415f049ea3 sp=0x0000004c4fffd6e0 mode 2

Classes unloaded (7 events):
Event: 16.142 Thread 0x0000024154ecc050 Unloading class 0x000000010025a000 'java/lang/invoke/LambdaForm$MH+0x000000010025a000'
Event: 16.143 Thread 0x0000024154ecc050 Unloading class 0x0000000100259c00 'java/lang/invoke/LambdaForm$MH+0x0000000100259c00'
Event: 16.143 Thread 0x0000024154ecc050 Unloading class 0x0000000100259800 'java/lang/invoke/LambdaForm$MH+0x0000000100259800'
Event: 16.143 Thread 0x0000024154ecc050 Unloading class 0x0000000100259400 'java/lang/invoke/LambdaForm$MH+0x0000000100259400'
Event: 16.143 Thread 0x0000024154ecc050 Unloading class 0x0000000100258c00 'java/lang/invoke/LambdaForm$BMH+0x0000000100258c00'
Event: 16.143 Thread 0x0000024154ecc050 Unloading class 0x0000000100258800 'java/lang/invoke/LambdaForm$DMH+0x0000000100258800'
Event: 16.143 Thread 0x0000024154ecc050 Unloading class 0x0000000100256000 'java/lang/invoke/LambdaForm$DMH+0x0000000100256000'

Classes redefined (0 events):
No events

Internal exceptions (20 events):
Event: 49.793 Thread 0x000002416cc09380 Exception <a 'java/io/FileNotFoundException'{0x00000000eac6bdf8}> (0x00000000eac6bdf8) 
thrown [s\src\hotspot\share\prims\jni.cpp, line 516]
Event: 49.846 Thread 0x000002416cc09380 Exception <a 'sun/nio/fs/WindowsException'{0x00000000eaeeb9b8}> (0x00000000eaeeb9b8) 
thrown [s\src\hotspot\share\prims\jni.cpp, line 516]
Event: 49.881 Thread 0x000002416cc09380 Exception <a 'java/io/FileNotFoundException'{0x00000000eaf91680}> (0x00000000eaf91680) 
thrown [s\src\hotspot\share\prims\jni.cpp, line 516]
Event: 49.883 Thread 0x000002416cc09380 Exception <a 'sun/nio/fs/WindowsException'{0x00000000eaf94db8}> (0x00000000eaf94db8) 
thrown [s\src\hotspot\share\prims\jni.cpp, line 516]
Event: 50.036 Thread 0x000002416bb46930 Exception <a 'java/io/FileNotFoundException'{0x00000000eaccdbd0}> (0x00000000eaccdbd0) 
thrown [s\src\hotspot\share\prims\jni.cpp, line 516]
Event: 53.575 Thread 0x000002416cc09380 Exception <a 'sun/nio/fs/WindowsException'{0x00000000eae8b6e8}> (0x00000000eae8b6e8) 
thrown [s\src\hotspot\share\prims\jni.cpp, line 516]
Event: 53.589 Thread 0x000002416cc09380 Exception <a 'sun/nio/fs/WindowsException'{0x00000000eafec7e0}> (0x00000000eafec7e0) 
thrown [s\src\hotspot\share\prims\jni.cpp, line 516]
Event: 53.659 Thread 0x000002416cc09380 Exception <a 'sun/nio/fs/WindowsException'{0x00000000eac524a8}> (0x00000000eac524a8) 
thrown [s\src\hotspot\share\prims\jni.cpp, line 516]
Event: 53.671 Thread 0x000002416cc09380 Exception <a 'sun/nio/fs/WindowsException'{0x00000000ead5ea20}> (0x00000000ead5ea20) 
thrown [s\src\hotspot\share\prims\jni.cpp, line 516]
Event: 54.521 Thread 0x000002416cc09380 Exception <a 'java/io/FileNotFoundException'{0x00000000eabc4500}> (0x00000000eabc4500) 
thrown [s\src\hotspot\share\prims\jni.cpp, line 516]
Event: 54.525 Thread 0x000002416cc09380 Exception <a 'sun/nio/fs/WindowsException'{0x00000000eac24308}> (0x00000000eac24308) 
thrown [s\src\hotspot\share\prims\jni.cpp, line 516]
Event: 54.588 Thread 0x000002416cc09380 Exception <a 'sun/nio/fs/WindowsException'{0x00000000eac49a00}> (0x00000000eac49a00) 
thrown [s\src\hotspot\share\prims\jni.cpp, line 516]
Event: 54.591 Thread 0x000002416cc09380 Exception <a 'sun/nio/fs/WindowsException'{0x00000000eac6a558}> (0x00000000eac6a558) 
thrown [s\src\hotspot\share\prims\jni.cpp, line 516]
Event: 54.666 Thread 0x000002416cc09380 Exception <a 'sun/nio/fs/WindowsException'{0x00000000ead5dfd8}> (0x00000000ead5dfd8) 
thrown [s\src\hotspot\share\prims\jni.cpp, line 516]
Event: 54.723 Thread 0x000002416cc09380 Exception <a 'sun/nio/fs/WindowsException'{0x00000000eab0ab40}> (0x00000000eab0ab40) 
thrown [s\src\hotspot\share\prims\jni.cpp, line 516]
Event: 54.772 Thread 0x000002416cc09380 Exception <a 'sun/nio/fs/WindowsException'{0x00000000eadf19e0}> (0x00000000eadf19e0) 
thrown [s\src\hotspot\share\prims\jni.cpp, line 516]
Event: 54.819 Thread 0x000002416cc09380 Exception <a 'sun/nio/fs/WindowsException'{0x00000000ead2ec10}> (0x00000000ead2ec10) 
thrown [s\src\hotspot\share\prims\jni.cpp, line 516]
Event: 54.881 Thread 0x000002416cc09380 Exception <a 'sun/nio/fs/WindowsException'{0x00000000eab7cf30}> (0x00000000eab7cf30) 
thrown [s\src\hotspot\share\prims\jni.cpp, line 516]
Event: 54.885 Thread 0x000002416cc09380 Exception <a 'sun/nio/fs/WindowsException'{0x00000000eabe9710}> (0x00000000eabe9710) 
thrown [s\src\hotspot\share\prims\jni.cpp, line 516]
Event: 54.928 Thread 0x000002416cc09380 Exception <a 'sun/nio/fs/WindowsException'{0x00000000ead51178}> (0x00000000ead51178) 
thrown [s\src\hotspot\share\prims\jni.cpp, line 516]

VM Operations (20 events):
Event: 55.443 Executing VM operation: ParallelGCFailedAllocation
Event: 55.448 Executing VM operation: ParallelGCFailedAllocation done
Event: 55.590 Executing VM operation: ParallelGCFailedAllocation
Event: 55.605 Executing VM operation: ParallelGCFailedAllocation done
Event: 55.728 Executing VM operation: ParallelGCFailedAllocation
Event: 55.734 Executing VM operation: ParallelGCFailedAllocation done
Event: 55.823 Executing VM operation: ParallelGCFailedAllocation
Event: 55.828 Executing VM operation: ParallelGCFailedAllocation done
Event: 55.881 Executing VM operation: ParallelGCFailedAllocation
Event: 55.887 Executing VM operation: ParallelGCFailedAllocation done
Event: 55.926 Executing VM operation: ParallelGCFailedAllocation
Event: 55.932 Executing VM operation: ParallelGCFailedAllocation done
Event: 55.971 Executing VM operation: ParallelGCFailedAllocation
Event: 56.915 Executing VM operation: ParallelGCFailedAllocation done
Event: 56.953 Executing VM operation: ParallelGCFailedAllocation
Event: 57.902 Executing VM operation: ParallelGCFailedAllocation done
Event: 57.933 Executing VM operation: ParallelGCFailedAllocation
Event: 58.248 Executing VM operation: ParallelGCFailedAllocation done
Event: 58.291 Executing VM operation: ParallelGCFailedAllocation
Event: 58.307 Executing VM operation: ParallelGCFailedAllocation done

Events (20 events):
Event: 49.511 Thread 0x000002416a75b560 flushing nmethod 0x0000024158815510
Event: 49.511 Thread 0x000002416a75b560 flushing nmethod 0x0000024158815b90
Event: 49.511 Thread 0x000002416a75b560 flushing nmethod 0x000002415881df90
Event: 49.511 Thread 0x000002416a75b560 flushing nmethod 0x000002415884f390
Event: 49.511 Thread 0x000002416a75b560 flushing nmethod 0x000002415884f710
Event: 49.511 Thread 0x000002416a75b560 flushing nmethod 0x000002415888aa90
Event: 49.511 Thread 0x000002416a75b560 flushing nmethod 0x000002415888b910
Event: 49.527 loading class java/io/ObjectStreamClass$ExceptionInfo
Event: 49.527 loading class java/io/ObjectStreamClass$ExceptionInfo done
Event: 49.527 loading class java/io/ObjectStreamClass$1
Event: 49.527 loading class java/io/ObjectStreamClass$1 done
Event: 49.527 loading class java/io/ObjectStreamClass$MemberSignature
Event: 49.528 loading class java/io/ObjectStreamClass$MemberSignature done
Event: 49.528 loading class java/io/ObjectStreamClass$3
Event: 49.528 loading class java/io/ObjectStreamClass$3 done
Event: 49.528 loading class java/io/ObjectStreamClass$4
Event: 49.528 loading class java/io/ObjectStreamClass$4 done
Event: 49.528 loading class java/io/ObjectStreamClass$5
Event: 49.528 loading class java/io/ObjectStreamClass$5 done
Event: 50.386 Thread 0x000002416e32c580 Thread exited: 0x000002416e32c580


Dynamic libraries:
0x00007ff7a3800000 - 0x00007ff7a380e000 	c:\Users\Phong\.vscode\extensions\redhat.java-1.15.0-win32-x64\jre\17.0.6-win32-x86_64\bin\java.exe
0x00007ffb6ee30000 - 0x00007ffb6f044000 	C:\WINDOWS\SYSTEM32\ntdll.dll
0x00007ffb6d7a0000 - 0x00007ffb6d863000 	C:\WINDOWS\System32\KERNEL32.DLL
0x00007ffb6c690000 - 0x00007ffb6ca2c000 	C:\WINDOWS\System32\KERNELBASE.dll
0x00007ffb6c570000 - 0x00007ffb6c681000 	C:\WINDOWS\System32\ucrtbase.dll
0x00007ffb5e0a0000 - 0x00007ffb5e0b7000 	c:\Users\Phong\.vscode\extensions\redhat.java-1.15.0-win32-x64\jre\17.0.6-win32-x86_64\bin\jli.dll
0x00007ffb574f0000 - 0x00007ffb57509000 	c:\Users\Phong\.vscode\extensions\redhat.java-1.15.0-win32-x64\jre\17.0.6-win32-x86_64\bin\VCRUNTIME140.dll
0x00007ffb6cc40000 - 0x00007ffb6cded000 	C:\WINDOWS\System32\USER32.dll
0x00007ffb50a30000 - 0x00007ffb50cbe000 	C:\WINDOWS\WinSxS\amd64_microsoft.windows.common-controls_6595b64144ccf1df_6.0.22621.608_none_a9444ca7c10bb01d\COMCTL32.dll
0x00007ffb6cc10000 - 0x00007ffb6cc36000 	C:\WINDOWS\System32\win32u.dll
0x00007ffb6ce80000 - 0x00007ffb6cf27000 	C:\WINDOWS\System32\msvcrt.dll
0x00007ffb6da40000 - 0x00007ffb6da69000 	C:\WINDOWS\System32\GDI32.dll
0x00007ffb6c270000 - 0x00007ffb6c382000 	C:\WINDOWS\System32\gdi32full.dll
0x00007ffb6ca30000 - 0x00007ffb6caca000 	C:\WINDOWS\System32\msvcp_win.dll
0x00007ffb6e540000 - 0x00007ffb6e572000 	C:\WINDOWS\System32\IMM32.DLL
0x00007ffb664f0000 - 0x00007ffb664fc000 	c:\Users\Phong\.vscode\extensions\redhat.java-1.15.0-win32-x64\jre\17.0.6-win32-x86_64\bin\vcruntime140_1.dll
0x00007ffb25480000 - 0x00007ffb25511000 	c:\Users\Phong\.vscode\extensions\redhat.java-1.15.0-win32-x64\jre\17.0.6-win32-x86_64\bin\msvcp140.dll
0x00007ffad3c10000 - 0x00007ffad4857000 	c:\Users\Phong\.vscode\extensions\redhat.java-1.15.0-win32-x64\jre\17.0.6-win32-x86_64\bin\server\jvm.dll
0x00007ffb6e040000 - 0x00007ffb6e0ee000 	C:\WINDOWS\System32\ADVAPI32.dll
0x00007ffb6da70000 - 0x00007ffb6db14000 	C:\WINDOWS\System32\sechost.dll
0x00007ffb6e410000 - 0x00007ffb6e525000 	C:\WINDOWS\System32\RPCRT4.dll
0x00007ffb63a70000 - 0x00007ffb63aa4000 	C:\WINDOWS\SYSTEM32\WINMM.dll
0x00007ffb56690000 - 0x00007ffb56699000 	C:\WINDOWS\SYSTEM32\WSOCK32.dll
0x00007ffb61490000 - 0x00007ffb6149a000 	C:\WINDOWS\SYSTEM32\VERSION.dll
0x00007ffb6e1d0000 - 0x00007ffb6e241000 	C:\WINDOWS\System32\WS2_32.dll
0x00007ffb6b2f0000 - 0x00007ffb6b308000 	C:\WINDOWS\SYSTEM32\kernel.appcore.dll
0x00007ffb65490000 - 0x00007ffb6549a000 	c:\Users\Phong\.vscode\extensions\redhat.java-1.15.0-win32-x64\jre\17.0.6-win32-x86_64\bin\jimage.dll
0x00007ffb69e80000 - 0x00007ffb6a0ae000 	C:\WINDOWS\SYSTEM32\DBGHELP.DLL
0x00007ffb6d3b0000 - 0x00007ffb6d73a000 	C:\WINDOWS\System32\combase.dll
0x00007ffb6e0f0000 - 0x00007ffb6e1c7000 	C:\WINDOWS\System32\OLEAUT32.dll
0x00007ffb570e0000 - 0x00007ffb57112000 	C:\WINDOWS\SYSTEM32\dbgcore.DLL
0x00007ffb6cb90000 - 0x00007ffb6cc0b000 	C:\WINDOWS\System32\bcryptPrimitives.dll
0x00007ffb5ea60000 - 0x00007ffb5ea6e000 	c:\Users\Phong\.vscode\extensions\redhat.java-1.15.0-win32-x64\jre\17.0.6-win32-x86_64\bin\instrument.dll
0x00007ffb540f0000 - 0x00007ffb54115000 	c:\Users\Phong\.vscode\extensions\redhat.java-1.15.0-win32-x64\jre\17.0.6-win32-x86_64\bin\java.dll
0x00007ffb57080000 - 0x00007ffb57098000 	c:\Users\Phong\.vscode\extensions\redhat.java-1.15.0-win32-x64\jre\17.0.6-win32-x86_64\bin\zip.dll
0x00007ffb6e600000 - 0x00007ffb6edef000 	C:\WINDOWS\System32\SHELL32.dll
0x00007ffb6a240000 - 0x00007ffb6ab08000 	C:\WINDOWS\SYSTEM32\windows.storage.dll
0x00007ffb6a100000 - 0x00007ffb6a23e000 	C:\WINDOWS\SYSTEM32\wintypes.dll
0x00007ffb6dd60000 - 0x00007ffb6de51000 	C:\WINDOWS\System32\SHCORE.dll
0x00007ffb6d990000 - 0x00007ffb6d9ee000 	C:\WINDOWS\System32\shlwapi.dll
0x00007ffb6c1a0000 - 0x00007ffb6c1c1000 	C:\WINDOWS\SYSTEM32\profapi.dll
0x00007ffb53ea0000 - 0x00007ffb53eb9000 	C:\Users\Phong\.vscode\extensions\redhat.java-1.15.0-win32-x64\jre\17.0.6-win32-x86_64\bin\net.dll
0x00007ffb64d10000 - 0x00007ffb64e3f000 	C:\WINDOWS\SYSTEM32\WINHTTP.dll
0x00007ffb6b7e0000 - 0x00007ffb6b849000 	C:\WINDOWS\system32\mswsock.dll
0x00007ffb53aa0000 - 0x00007ffb53ab5000 	C:\Users\Phong\.vscode\extensions\redhat.java-1.15.0-win32-x64\jre\17.0.6-win32-x86_64\bin\nio.dll
0x00007ffb5e8c0000 - 0x00007ffb5e8d0000 	c:\Users\Phong\.vscode\extensions\redhat.java-1.15.0-win32-x64\jre\17.0.6-win32-x86_64\bin\verify.dll
0x00007ffb440b0000 - 0x00007ffb440ee000 	C:\Users\Phong\AppData\Roaming\Code\User\globalStorage\redhat.java\1.15.0\config_win\org.eclipse.equinox.launcher\org.eclipse.equinox.launcher.win32.win32.x86_64_1.2.700.v20221108-1024\eclipse_11801.dll
0x00007ffb6de80000 - 0x00007ffb6e01c000 	C:\WINDOWS\System32\ole32.dll
0x00007ffb5d8c0000 - 0x00007ffb5d8c9000 	C:\Users\Phong\.vscode\extensions\redhat.java-1.15.0-win32-x64\jre\17.0.6-win32-x86_64\bin\management.dll
0x00007ffb5d7c0000 - 0x00007ffb5d7cb000 	C:\Users\Phong\.vscode\extensions\redhat.java-1.15.0-win32-x64\jre\17.0.6-win32-x86_64\bin\management_ext.dll
0x00007ffb6e300000 - 0x00007ffb6e308000 	C:\WINDOWS\System32\PSAPI.DLL
0x00007ffb6ba50000 - 0x00007ffb6ba6b000 	C:\WINDOWS\SYSTEM32\CRYPTSP.dll
0x00007ffb6b260000 - 0x00007ffb6b295000 	C:\WINDOWS\system32\rsaenh.dll
0x00007ffb6b8a0000 - 0x00007ffb6b8c8000 	C:\WINDOWS\SYSTEM32\USERENV.dll
0x00007ffb6bc30000 - 0x00007ffb6bc58000 	C:\WINDOWS\SYSTEM32\bcrypt.dll
0x00007ffb6ba70000 - 0x00007ffb6ba7c000 	C:\WINDOWS\SYSTEM32\CRYPTBASE.dll
0x00007ffb6ad60000 - 0x00007ffb6ad8d000 	C:\WINDOWS\SYSTEM32\IPHLPAPI.DLL
0x00007ffb6e030000 - 0x00007ffb6e039000 	C:\WINDOWS\System32\NSI.dll
0x00007ffb65030000 - 0x00007ffb65049000 	C:\WINDOWS\SYSTEM32\dhcpcsvc6.DLL
0x00007ffb65010000 - 0x00007ffb6502f000 	C:\WINDOWS\SYSTEM32\dhcpcsvc.DLL
0x00007ffb6ad90000 - 0x00007ffb6ae83000 	C:\WINDOWS\SYSTEM32\DNSAPI.dll
0x00007ffb258b0000 - 0x00007ffb258f5000 	C:\Users\Phong\AppData\Local\Temp\jna-77090128\jna17619469550165146734.dll
0x00007ffb5d5a0000 - 0x00007ffb5d5ae000 	C:\Users\Phong\.vscode\extensions\redhat.java-1.15.0-win32-x64\jre\17.0.6-win32-x86_64\bin\sunmscapi.dll
0x00007ffb6c390000 - 0x00007ffb6c4f6000 	C:\WINDOWS\System32\CRYPT32.dll
0x00007ffb6bc00000 - 0x00007ffb6bc2d000 	C:\WINDOWS\SYSTEM32\ncrypt.dll
0x00007ffb6bbc0000 - 0x00007ffb6bbf7000 	C:\WINDOWS\SYSTEM32\NTASN1.dll
0x0000000077650000 - 0x0000000077676000 	C:\Program Files\Bonjour\mdnsNSP.dll
0x00007ffb65720000 - 0x00007ffb6572a000 	C:\Windows\System32\rasadhlp.dll
0x00007ffb626f0000 - 0x00007ffb62773000 	C:\WINDOWS\System32\fwpuclnt.dll

dbghelp: loaded successfully - version: 4.0.5 - missing functions: none
symbol engine: initialized successfully - sym options: 0x614 - pdb path: .;c:\Users\Phong\.vscode\extensions\redhat.java-1.15.0-win32-x64\jre\17.0.6-win32-x86_64\bin;C:\WINDOWS\SYSTEM32;C:\WINDOWS\WinSxS\amd64_microsoft.windows.common-controls_6595b64144ccf1df_6.0.22621.608_none_a9444ca7c10bb01d;c:\Users\Phong\.vscode\extensions\redhat.java-1.15.0-win32-x64\jre\17.0.6-win32-x86_64\bin\server;C:\Users\Phong\AppData\Roaming\Code\User\globalStorage\redhat.java\1.15.0\config_win\org.eclipse.equinox.launcher\org.eclipse.equinox.launcher.win32.win32.x86_64_1.2.700.v20221108-1024;C:\Users\Phong\AppData\Local\Temp\jna-77090128;C:\Program Files\Bonjour

VM Arguments:
jvm_args: --add-modules=ALL-SYSTEM --add-opens=java.base/java.util=ALL-UNNAMED --add-opens=java.base/java.lang=ALL-UNNAMED --add-opens=java.base/sun.nio.fs=ALL-UNNAMED -Declipse.application=org.eclipse.jdt.ls.core.id1 -Dosgi.bundles.defaultStartLevel=4 -Declipse.product=org.eclipse.jdt.ls.core.product -Djava.import.generatesMetadataFilesAtProjectRoot=false -Dfile.encoding=utf8 -XX:+UseParallelGC -XX:GCTimeRatio=4 -XX:AdaptiveSizePolicyWeight=90 -Dsun.zip.disableMemoryMapping=true -Xmx1G -Xms100m -Xlog:disable -javaagent:c:\Users\Phong\.vscode\extensions\redhat.java-1.15.0-win32-x64\lombok\lombok-1.18.24.jar -XX:+HeapDumpOnOutOfMemoryError -XX:HeapDumpPath=c:\Users\Phong\AppData\Roaming\Code\User\workspaceStorage\747d9654bb4adf2d9089437c9c3c1102\redhat.java 
java_command: c:\Users\Phong\.vscode\extensions\redhat.java-1.15.0-win32-x64\server\plugins\org.eclipse.equinox.launcher_1.6.400.v20210924-0641.jar -configuration c:\Users\Phong\AppData\Roaming\Code\User\globalStorage\redhat.java\1.15.0\config_win -data c:\Users\Phong\AppData\Roaming\Code\User\workspaceStorage\747d9654bb4adf2d9089437c9c3c1102\redhat.java\jdt_ws
java_class_path (initial): c:\Users\Phong\.vscode\extensions\redhat.java-1.15.0-win32-x64\server\plugins\org.eclipse.equinox.launcher_1.6.400.v20210924-0641.jar
Launcher Type: SUN_STANDARD

[Global flags]
    uintx AdaptiveSizePolicyWeight                 = 90                                        {product} {command line}
     intx CICompilerCount                          = 4                                         {product} {ergonomic}
    uintx GCTimeRatio                              = 4                                         {product} {command line}
     bool HeapDumpOnOutOfMemoryError               = true                                   {manageable} {command line}
    ccstr HeapDumpPath                             = c:\Users\Phong\AppData\Roaming\Code\User\workspaceStorage\747d9654bb4adf2d9089437c9c3c1102\redhat.java         {manageable} {command line}
   size_t InitialHeapSize                          = 104857600                                 {product} {command line}
   size_t MaxHeapSize                              = 1073741824                                {product} {command line}
   size_t MaxNewSize                               = 357564416                                 {product} {ergonomic}
   size_t MinHeapDeltaBytes                        = 524288                                    {product} {ergonomic}
   size_t MinHeapSize                              = 104857600                                 {product} {command line}
   size_t NewSize                                  = 34603008                                  {product} {ergonomic}
    uintx NonNMethodCodeHeapSize                   = 5839372                                {pd product} {ergonomic}
    uintx NonProfiledCodeHeapSize                  = 122909434                              {pd product} {ergonomic}
   size_t OldSize                                  = 70254592                                  {product} {ergonomic}
    uintx ProfiledCodeHeapSize                     = 122909434                              {pd product} {ergonomic}
    uintx ReservedCodeCacheSize                    = 251658240                              {pd product} {ergonomic}
     bool SegmentedCodeCache                       = true                                      {product} {ergonomic}
   size_t SoftMaxHeapSize                          = 1073741824                             {manageable} {ergonomic}
     bool UseCompressedClassPointers               = true                           {product lp64_product} {ergonomic}
     bool UseCompressedOops                        = true                           {product lp64_product} {ergonomic}
     bool UseLargePagesIndividualAllocation        = false                                  {pd product} {ergonomic}
     bool UseParallelGC                            = true                                      {product} {command line}

Logging:
Log output configuration:
 #0: stdout all=off uptime,level,tags
 #1: stderr all=off uptime,level,tags

Environment Variables:
PATH=C:\Program Files\Common Files\Oracle\Java\javapath;C:\WINDOWS\system32;C:\WINDOWS;C:\WINDOWS\System32\Wbem;C:\WINDOWS\System32\WindowsPowerShell\v1.0\;C:\WINDOWS\System32\OpenSSH\;C:\Program Files\dotnet\;C:\Program Files\Git\cmd;C:\Program Files\nodejs\;C:\texlive\2022\bin\win32;C:\Users\Phong\AppData\Local\Programs\Python\Python311\Scripts\;C:\Users\Phong\AppData\Local\Programs\Python\Python311\;C:\Program Files\MySQL\MySQL Shell 8.0\bin\;C:\Users\Phong\AppData\Local\Microsoft\WindowsApps;C:\Users\Phong\AppData\Local\Programs\Microsoft VS Code\bin;C:\Users\Phong\AppData\Roaming\npm;C:\Users\Phong\AppData\Local\Programs\oh-my-posh\bin
USERNAME=Phong
OS=Windows_NT
PROCESSOR_IDENTIFIER=Intel64 Family 6 Model 140 Stepping 1, GenuineIntel
TMP=C:\Users\Phong\AppData\Local\Temp
TEMP=C:\Users\Phong\AppData\Local\Temp



---------------  S Y S T E M  ---------------

OS:
 Windows 11 , 64 bit Build 22621 (10.0.22621.1194)
OS uptime: 3 days 10:39 hours
Hyper-V role detected

CPU: total 8 (initial active 8) (4 cores per cpu, 2 threads per core) family 6 model 140 stepping 1 microcode 0x9a, cx8, cmov, fxsr, ht, mmx, 3dnowpref, sse, sse2, sse3, ssse3, sse4.1, sse4.2, popcnt, lzcnt, tsc, tscinvbit, avx, avx2, aes, erms, clmul, bmi1, bmi2, adx, avx512f, avx512dq, avx512cd, avx512bw, avx512vl, sha, fma, vzeroupper, avx512_vpopcntdq, avx512_vpclmulqdq, avx512_vaes, avx512_vnni, clflush, clflushopt, clwb, avx512_vbmi2, avx512_vbmi, hv

Memory: 4k page, system-wide physical 3921M (103M free)
TotalPageFile size 15697M (AvailPageFile size 6M)
current process WorkingSet (physical memory assigned to process): 242M, peak: 434M
current process commit charge ("private bytes"): 487M, peak: 910M

vm_info: OpenJDK 64-Bit Server VM (17.0.6+10) for windows-amd64 JRE (17.0.6+10), built on Jan 18 2023 10:08:59 by "temurin" with MS VC++ 16.7 (VS2019)

END.
